  Source.cpp
c:\users\zdravko\documents\github\c-object-oriented-programming\doublevector\source.cpp(22): warning C4566: character represented by universal-character-name '\u041D' cannot be represented in the current code page (1252)
c:\users\zdravko\documents\github\c-object-oriented-programming\doublevector\source.cpp(22): warning C4566: character represented by universal-character-name '\u0435' cannot be represented in the current code page (1252)
c:\users\zdravko\documents\github\c-object-oriented-programming\doublevector\source.cpp(22): warning C4566: character represented by universal-character-name '\u0432' cannot be represented in the current code page (1252)
c:\users\zdravko\documents\github\c-object-oriented-programming\doublevector\source.cpp(22): warning C4566: character represented by universal-character-name '\u0430' cannot be represented in the current code page (1252)
c:\users\zdravko\documents\github\c-object-oriented-programming\doublevector\source.cpp(22): warning C4566: character represented by universal-character-name '\u043B' cannot be represented in the current code page (1252)
c:\users\zdravko\documents\github\c-object-oriented-programming\doublevector\source.cpp(22): warning C4566: character represented by universal-character-name '\u0438' cannot be represented in the current code page (1252)
c:\users\zdravko\documents\github\c-object-oriented-programming\doublevector\source.cpp(22): warning C4566: character represented by universal-character-name '\u0434' cannot be represented in the current code page (1252)
c:\users\zdravko\documents\github\c-object-oriented-programming\doublevector\source.cpp(22): warning C4566: character represented by universal-character-name '\u043D' cannot be represented in the current code page (1252)
c:\users\zdravko\documents\github\c-object-oriented-programming\doublevector\source.cpp(22): warning C4566: character represented by universal-character-name '\u0440' cannot be represented in the current code page (1252)
c:\users\zdravko\documents\github\c-object-oriented-programming\doublevector\source.cpp(22): warning C4566: character represented by universal-character-name '\u0437' cannot be represented in the current code page (1252)
c:\users\zdravko\documents\github\c-object-oriented-programming\doublevector\source.cpp(22): warning C4566: character represented by universal-character-name '\u043C' cannot be represented in the current code page (1252)
c:\users\zdravko\documents\github\c-object-oriented-programming\doublevector\source.cpp(22): warning C4566: character represented by universal-character-name '\u043E' cannot be represented in the current code page (1252)
c:\users\zdravko\documents\github\c-object-oriented-programming\doublevector\source.cpp(22): warning C4566: character represented by universal-character-name '\u0441' cannot be represented in the current code page (1252)
c:\users\zdravko\documents\github\c-object-oriented-programming\doublevector\source.cpp(22): warning C4566: character represented by universal-character-name '\u0442' cannot be represented in the current code page (1252)
c:\users\zdravko\documents\github\c-object-oriented-programming\doublevector\source.cpp(22): warning C4566: character represented by universal-character-name '\u043A' cannot be represented in the current code page (1252)
c:\users\zdravko\documents\github\c-object-oriented-programming\doublevector\source.cpp(30): warning C4566: character represented by universal-character-name '\u0413' cannot be represented in the current code page (1252)
c:\users\zdravko\documents\github\c-object-oriented-programming\doublevector\source.cpp(30): warning C4566: character represented by universal-character-name '\u0440' cannot be represented in the current code page (1252)
c:\users\zdravko\documents\github\c-object-oriented-programming\doublevector\source.cpp(30): warning C4566: character represented by universal-character-name '\u0435' cannot be represented in the current code page (1252)
c:\users\zdravko\documents\github\c-object-oriented-programming\doublevector\source.cpp(30): warning C4566: character represented by universal-character-name '\u0448' cannot be represented in the current code page (1252)
c:\users\zdravko\documents\github\c-object-oriented-programming\doublevector\source.cpp(30): warning C4566: character represented by universal-character-name '\u043A' cannot be represented in the current code page (1252)
c:\users\zdravko\documents\github\c-object-oriented-programming\doublevector\source.cpp(30): warning C4566: character represented by universal-character-name '\u0430' cannot be represented in the current code page (1252)
c:\users\zdravko\documents\github\c-object-oriented-programming\doublevector\source.cpp(30): warning C4566: character represented by universal-character-name '\u043F' cannot be represented in the current code page (1252)
c:\users\zdravko\documents\github\c-object-oriented-programming\doublevector\source.cpp(30): warning C4566: character represented by universal-character-name '\u0438' cannot be represented in the current code page (1252)
c:\users\zdravko\documents\github\c-object-oriented-programming\doublevector\source.cpp(30): warning C4566: character represented by universal-character-name '\u0437' cannot be represented in the current code page (1252)
c:\users\zdravko\documents\github\c-object-oriented-programming\doublevector\source.cpp(30): warning C4566: character represented by universal-character-name '\u0434' cannot be represented in the current code page (1252)
c:\users\zdravko\documents\github\c-object-oriented-programming\doublevector\source.cpp(30): warning C4566: character represented by universal-character-name '\u043B' cannot be represented in the current code page (1252)
c:\users\zdravko\documents\github\c-object-oriented-programming\doublevector\source.cpp(30): warning C4566: character represented by universal-character-name '\u044F' cannot be represented in the current code page (1252)
c:\users\zdravko\documents\github\c-object-oriented-programming\doublevector\source.cpp(30): warning C4566: character represented by universal-character-name '\u043D' cannot be represented in the current code page (1252)
c:\users\zdravko\documents\github\c-object-oriented-programming\doublevector\source.cpp(30): warning C4566: character represented by universal-character-name '\u0442' cannot be represented in the current code page (1252)
c:\users\zdravko\documents\github\c-object-oriented-programming\doublevector\source.cpp(30): warning C4566: character represented by universal-character-name '\u043E' cannot be represented in the current code page (1252)
c:\users\zdravko\documents\github\c-object-oriented-programming\doublevector\source.cpp(30): warning C4566: character represented by universal-character-name '\u043C' cannot be represented in the current code page (1252)
c:\users\zdravko\documents\github\c-object-oriented-programming\doublevector\source.cpp(41): warning C4566: character represented by universal-character-name '\u0413' cannot be represented in the current code page (1252)
c:\users\zdravko\documents\github\c-object-oriented-programming\doublevector\source.cpp(41): warning C4566: character represented by universal-character-name '\u0440' cannot be represented in the current code page (1252)
c:\users\zdravko\documents\github\c-object-oriented-programming\doublevector\source.cpp(41): warning C4566: character represented by universal-character-name '\u0435' cannot be represented in the current code page (1252)
c:\users\zdravko\documents\github\c-object-oriented-programming\doublevector\source.cpp(41): warning C4566: character represented by universal-character-name '\u0448' cannot be represented in the current code page (1252)
c:\users\zdravko\documents\github\c-object-oriented-programming\doublevector\source.cpp(41): warning C4566: character represented by universal-character-name '\u043A' cannot be represented in the current code page (1252)
c:\users\zdravko\documents\github\c-object-oriented-programming\doublevector\source.cpp(41): warning C4566: character represented by universal-character-name '\u0430' cannot be represented in the current code page (1252)
c:\users\zdravko\documents\github\c-object-oriented-programming\doublevector\source.cpp(41): warning C4566: character represented by universal-character-name '\u043F' cannot be represented in the current code page (1252)
c:\users\zdravko\documents\github\c-object-oriented-programming\doublevector\source.cpp(41): warning C4566: character represented by universal-character-name '\u0438' cannot be represented in the current code page (1252)
c:\users\zdravko\documents\github\c-object-oriented-programming\doublevector\source.cpp(41): warning C4566: character represented by universal-character-name '\u0437' cannot be represented in the current code page (1252)
c:\users\zdravko\documents\github\c-object-oriented-programming\doublevector\source.cpp(41): warning C4566: character represented by universal-character-name '\u0434' cannot be represented in the current code page (1252)
c:\users\zdravko\documents\github\c-object-oriented-programming\doublevector\source.cpp(41): warning C4566: character represented by universal-character-name '\u043B' cannot be represented in the current code page (1252)
c:\users\zdravko\documents\github\c-object-oriented-programming\doublevector\source.cpp(41): warning C4566: character represented by universal-character-name '\u044F' cannot be represented in the current code page (1252)
c:\users\zdravko\documents\github\c-object-oriented-programming\doublevector\source.cpp(41): warning C4566: character represented by universal-character-name '\u043D' cannot be represented in the current code page (1252)
c:\users\zdravko\documents\github\c-object-oriented-programming\doublevector\source.cpp(41): warning C4566: character represented by universal-character-name '\u0442' cannot be represented in the current code page (1252)
c:\users\zdravko\documents\github\c-object-oriented-programming\doublevector\source.cpp(41): warning C4566: character represented by universal-character-name '\u043E' cannot be represented in the current code page (1252)
c:\users\zdravko\documents\github\c-object-oriented-programming\doublevector\source.cpp(41): warning C4566: character represented by universal-character-name '\u043C' cannot be represented in the current code page (1252)
c:\users\zdravko\documents\github\c-object-oriented-programming\doublevector\source.cpp(56): warning C4566: character represented by universal-character-name '\u0413' cannot be represented in the current code page (1252)
c:\users\zdravko\documents\github\c-object-oriented-programming\doublevector\source.cpp(56): warning C4566: character represented by universal-character-name '\u0440' cannot be represented in the current code page (1252)
c:\users\zdravko\documents\github\c-object-oriented-programming\doublevector\source.cpp(56): warning C4566: character represented by universal-character-name '\u0435' cannot be represented in the current code page (1252)
c:\users\zdravko\documents\github\c-object-oriented-programming\doublevector\source.cpp(56): warning C4566: character represented by universal-character-name '\u0448' cannot be represented in the current code page (1252)
c:\users\zdravko\documents\github\c-object-oriented-programming\doublevector\source.cpp(56): warning C4566: character represented by universal-character-name '\u043A' cannot be represented in the current code page (1252)
c:\users\zdravko\documents\github\c-object-oriented-programming\doublevector\source.cpp(56): warning C4566: character represented by universal-character-name '\u0430' cannot be represented in the current code page (1252)
c:\users\zdravko\documents\github\c-object-oriented-programming\doublevector\source.cpp(56): warning C4566: character represented by universal-character-name '\u043F' cannot be represented in the current code page (1252)
c:\users\zdravko\documents\github\c-object-oriented-programming\doublevector\source.cpp(56): warning C4566: character represented by universal-character-name '\u0438' cannot be represented in the current code page (1252)
c:\users\zdravko\documents\github\c-object-oriented-programming\doublevector\source.cpp(56): warning C4566: character represented by universal-character-name '\u0437' cannot be represented in the current code page (1252)
c:\users\zdravko\documents\github\c-object-oriented-programming\doublevector\source.cpp(56): warning C4566: character represented by universal-character-name '\u0434' cannot be represented in the current code page (1252)
c:\users\zdravko\documents\github\c-object-oriented-programming\doublevector\source.cpp(56): warning C4566: character represented by universal-character-name '\u043B' cannot be represented in the current code page (1252)
c:\users\zdravko\documents\github\c-object-oriented-programming\doublevector\source.cpp(56): warning C4566: character represented by universal-character-name '\u044F' cannot be represented in the current code page (1252)
c:\users\zdravko\documents\github\c-object-oriented-programming\doublevector\source.cpp(56): warning C4566: character represented by universal-character-name '\u043D' cannot be represented in the current code page (1252)
c:\users\zdravko\documents\github\c-object-oriented-programming\doublevector\source.cpp(56): warning C4566: character represented by universal-character-name '\u0442' cannot be represented in the current code page (1252)
c:\users\zdravko\documents\github\c-object-oriented-programming\doublevector\source.cpp(56): warning C4566: character represented by universal-character-name '\u043E' cannot be represented in the current code page (1252)
c:\users\zdravko\documents\github\c-object-oriented-programming\doublevector\source.cpp(56): warning C4566: character represented by universal-character-name '\u043C' cannot be represented in the current code page (1252)
c:\users\zdravko\documents\github\c-object-oriented-programming\doublevector\source.cpp(69): warning C4566: character represented by universal-character-name '\u041D' cannot be represented in the current code page (1252)
c:\users\zdravko\documents\github\c-object-oriented-programming\doublevector\source.cpp(69): warning C4566: character represented by universal-character-name '\u0435' cannot be represented in the current code page (1252)
c:\users\zdravko\documents\github\c-object-oriented-programming\doublevector\source.cpp(69): warning C4566: character represented by universal-character-name '\u043A' cannot be represented in the current code page (1252)
c:\users\zdravko\documents\github\c-object-oriented-programming\doublevector\source.cpp(69): warning C4566: character represented by universal-character-name '\u043E' cannot be represented in the current code page (1252)
c:\users\zdravko\documents\github\c-object-oriented-programming\doublevector\source.cpp(69): warning C4566: character represented by universal-character-name '\u0440' cannot be represented in the current code page (1252)
c:\users\zdravko\documents\github\c-object-oriented-programming\doublevector\source.cpp(69): warning C4566: character represented by universal-character-name '\u0442' cannot be represented in the current code page (1252)
c:\users\zdravko\documents\github\c-object-oriented-programming\doublevector\source.cpp(69): warning C4566: character represented by universal-character-name '\u043D' cannot be represented in the current code page (1252)
c:\users\zdravko\documents\github\c-object-oriented-programming\doublevector\source.cpp(69): warning C4566: character represented by universal-character-name '\u0438' cannot be represented in the current code page (1252)
c:\users\zdravko\documents\github\c-object-oriented-programming\doublevector\source.cpp(69): warning C4566: character represented by universal-character-name '\u0434' cannot be represented in the current code page (1252)
c:\users\zdravko\documents\github\c-object-oriented-programming\doublevector\source.cpp(69): warning C4566: character represented by universal-character-name '\u0441' cannot be represented in the current code page (1252)
  DoubleVector.vcxproj -> C:\Users\Zdravko\Documents\GitHub\C-object-oriented-programming\DoubleVector\Debug\DoubleVector.exe
  DoubleVector.vcxproj -> C:\Users\Zdravko\Documents\GitHub\C-object-oriented-programming\DoubleVector\Debug\DoubleVector.pdb (Partial PDB)
